{"/home/akins-dev/projects/mcp-registry-next/src/lib/security.ts": {"path":"/home/akins-dev/projects/mcp-registry-next/src/lib/security.ts","statementMap":{"0":{"start":{"line":56,"column":0},"end":{"line":56,"column":16}},"1":{"start":{"line":102,"column":0},"end":{"line":102,"column":16}},"2":{"start":{"line":160,"column":0},"end":{"line":160,"column":16}},"3":{"start":{"line":205,"column":0},"end":{"line":205,"column":16}},"4":{"start":{"line":222,"column":0},"end":{"line":222,"column":16}},"5":{"start":{"line":257,"column":0},"end":{"line":257,"column":16}},"6":{"start":{"line":277,"column":0},"end":{"line":277,"column":16}},"7":{"start":{"line":312,"column":0},"end":{"line":312,"column":16}},"8":{"start":{"line":354,"column":0},"end":{"line":354,"column":16}},"9":{"start":{"line":386,"column":0},"end":{"line":386,"column":16}},"10":{"start":{"line":410,"column":0},"end":{"line":410,"column":7}},"11":{"start":{"line":42,"column":118},"end":{"line":54,"column":2}},"12":{"start":{"line":64,"column":30},"end":{"line":64,"column":32}},"13":{"start":{"line":66,"column":21},"end":{"line":66,"column":99}},"14":{"start":{"line":69,"column":2},"end":{"line":85,"column":3}},"15":{"start":{"line":70,"column":4},"end":{"line":84,"column":5}},"16":{"start":{"line":71,"column":6},"end":{"line":73,"column":7}},"17":{"start":{"line":72,"column":8},"end":{"line":72,"column":59}},"18":{"start":{"line":74,"column":11},"end":{"line":84,"column":5}},"19":{"start":{"line":75,"column":6},"end":{"line":79,"column":7}},"20":{"start":{"line":76,"column":8},"end":{"line":78,"column":9}},"21":{"start":{"line":77,"column":10},"end":{"line":77,"column":77}},"22":{"start":{"line":81,"column":6},"end":{"line":83,"column":7}},"23":{"start":{"line":82,"column":8},"end":{"line":82,"column":59}},"24":{"start":{"line":87,"column":20},"end":{"line":87,"column":72}},"25":{"start":{"line":87,"column":39},"end":{"line":87,"column":64}},"26":{"start":{"line":88,"column":20},"end":{"line":88,"column":68}},"27":{"start":{"line":88,"column":39},"end":{"line":88,"column":60}},"28":{"start":{"line":89,"column":20},"end":{"line":89,"column":66}},"29":{"start":{"line":90,"column":20},"end":{"line":90,"column":35}},"30":{"start":{"line":92,"column":2},"end":{"line":97,"column":4}},"31":{"start":{"line":96,"column":29},"end":{"line":96,"column":42}},"32":{"start":{"line":117,"column":10},"end":{"line":117,"column":11}},"33":{"start":{"line":120,"column":2},"end":{"line":120,"column":32}},"34":{"start":{"line":123,"column":2},"end":{"line":123,"column":37}},"35":{"start":{"line":126,"column":2},"end":{"line":126,"column":56}},"36":{"start":{"line":129,"column":2},"end":{"line":129,"column":67}},"37":{"start":{"line":133,"column":20},"end":{"line":133,"column":43}},"38":{"start":{"line":134,"column":2},"end":{"line":134,"column":58}},"39":{"start":{"line":138,"column":2},"end":{"line":141,"column":3}},"40":{"start":{"line":139,"column":27},"end":{"line":139,"column":61}},"41":{"start":{"line":140,"column":4},"end":{"line":140,"column":40}},"42":{"start":{"line":144,"column":2},"end":{"line":147,"column":3}},"43":{"start":{"line":145,"column":23},"end":{"line":145,"column":59}},"44":{"start":{"line":146,"column":4},"end":{"line":146,"column":36}},"45":{"start":{"line":149,"column":2},"end":{"line":149,"column":51}},"46":{"start":{"line":161,"column":2},"end":{"line":161,"column":41}},"47":{"start":{"line":161,"column":30},"end":{"line":161,"column":41}},"48":{"start":{"line":163,"column":16},"end":{"line":163,"column":49}},"49":{"start":{"line":164,"column":2},"end":{"line":164,"column":21}},"50":{"start":{"line":174,"column":13},"end":{"line":174,"column":47}},"51":{"start":{"line":175,"column":13},"end":{"line":175,"column":48}},"52":{"start":{"line":181,"column":2},"end":{"line":181,"column":40}},"53":{"start":{"line":181,"column":28},"end":{"line":181,"column":40}},"54":{"start":{"line":184,"column":2},"end":{"line":184,"column":66}},"55":{"start":{"line":187,"column":66},"end":{"line":203,"column":2}},"56":{"start":{"line":206,"column":15},"end":{"line":206,"column":39}},"57":{"start":{"line":207,"column":2},"end":{"line":207,"column":99}},"58":{"start":{"line":207,"column":53},"end":{"line":207,"column":71}},"59":{"start":{"line":207,"column":92},"end":{"line":207,"column":97}},"60":{"start":{"line":214,"column":36},"end":{"line":220,"column":2}},"61":{"start":{"line":223,"column":15},"end":{"line":223,"column":39}},"62":{"start":{"line":224,"column":27},"end":{"line":224,"column":29}},"63":{"start":{"line":225,"column":2},"end":{"line":227,"column":3}},"64":{"start":{"line":226,"column":4},"end":{"line":226,"column":94}},"65":{"start":{"line":226,"column":28},"end":{"line":226,"column":94}},"66":{"start":{"line":228,"column":2},"end":{"line":228,"column":32}},"67":{"start":{"line":229,"column":2},"end":{"line":229,"column":16}},"68":{"start":{"line":234,"column":59},"end":{"line":255,"column":2}},"69":{"start":{"line":258,"column":15},"end":{"line":258,"column":39}},"70":{"start":{"line":259,"column":2},"end":{"line":259,"column":92}},"71":{"start":{"line":259,"column":46},"end":{"line":259,"column":64}},"72":{"start":{"line":259,"column":85},"end":{"line":259,"column":90}},"73":{"start":{"line":266,"column":31},"end":{"line":274,"column":2}},"74":{"start":{"line":278,"column":2},"end":{"line":280,"column":3}},"75":{"start":{"line":279,"column":4},"end":{"line":279,"column":39}},"76":{"start":{"line":279,"column":27},"end":{"line":279,"column":39}},"77":{"start":{"line":281,"column":2},"end":{"line":286,"column":3}},"78":{"start":{"line":282,"column":19},"end":{"line":282,"column":31}},"79":{"start":{"line":283,"column":4},"end":{"line":283,"column":99}},"80":{"start":{"line":283,"column":56},"end":{"line":283,"column":99}},"81":{"start":{"line":285,"column":4},"end":{"line":285,"column":25}},"82":{"start":{"line":287,"column":2},"end":{"line":287,"column":14}},"83":{"start":{"line":293,"column":68},"end":{"line":310,"column":2}},"84":{"start":{"line":313,"column":15},"end":{"line":313,"column":39}},"85":{"start":{"line":314,"column":16},"end":{"line":317,"column":4}},"86":{"start":{"line":315,"column":53},"end":{"line":315,"column":71}},"87":{"start":{"line":315,"column":92},"end":{"line":315,"column":97}},"88":{"start":{"line":318,"column":2},"end":{"line":318,"column":29}},"89":{"start":{"line":326,"column":71},"end":{"line":347,"column":2}},"90":{"start":{"line":355,"column":15},"end":{"line":355,"column":39}},"91":{"start":{"line":356,"column":2},"end":{"line":358,"column":31}},"92":{"start":{"line":357,"column":29},"end":{"line":357,"column":47}},"93":{"start":{"line":358,"column":24},"end":{"line":358,"column":29}},"94":{"start":{"line":366,"column":74},"end":{"line":379,"column":2}},"95":{"start":{"line":387,"column":15},"end":{"line":387,"column":39}},"96":{"start":{"line":388,"column":2},"end":{"line":390,"column":31}},"97":{"start":{"line":389,"column":29},"end":{"line":389,"column":47}},"98":{"start":{"line":390,"column":24},"end":{"line":390,"column":29}},"99":{"start":{"line":411,"column":2},"end":{"line":433,"column":3}},"100":{"start":{"line":412,"column":56},"end":{"line":412,"column":83}},"101":{"start":{"line":413,"column":18},"end":{"line":413,"column":43}},"102":{"start":{"line":414,"column":4},"end":{"line":414,"column":26}},"103":{"start":{"line":414,"column":16},"end":{"line":414,"column":26}},"104":{"start":{"line":416,"column":21},"end":{"line":416,"column":89}},"105":{"start":{"line":417,"column":21},"end":{"line":417,"column":67}},"106":{"start":{"line":419,"column":4},"end":{"line":429,"column":5}},"107":{"start":{"line":420,"column":6},"end":{"line":428,"column":7}},"108":{"start":{"line":421,"column":21},"end":{"line":421,"column":99}},"109":{"start":{"line":422,"column":23},"end":{"line":422,"column":105}},"110":{"start":{"line":423,"column":8},"end":{"line":423,"column":63}},"111":{"start":{"line":423,"column":54},"end":{"line":423,"column":63}},"112":{"start":{"line":424,"column":20},"end":{"line":424,"column":79}},"113":{"start":{"line":425,"column":8},"end":{"line":425,"column":30}},"114":{"start":{"line":425,"column":21},"end":{"line":425,"column":30}},"115":{"start":{"line":426,"column":20},"end":{"line":426,"column":36}},"116":{"start":{"line":427,"column":8},"end":{"line":427,"column":38}},"117":{"start":{"line":430,"column":4},"end":{"line":430,"column":14}},"118":{"start":{"line":432,"column":4},"end":{"line":432,"column":14}},"119":{"start":{"line":437,"column":2},"end":{"line":472,"column":3}},"120":{"start":{"line":439,"column":17},"end":{"line":442,"column":6}},"121":{"start":{"line":443,"column":4},"end":{"line":443,"column":50}},"122":{"start":{"line":443,"column":40},"end":{"line":443,"column":50}},"123":{"start":{"line":445,"column":16},"end":{"line":452,"column":6}},"124":{"start":{"line":449,"column":57},"end":{"line":449,"column":102}},"125":{"start":{"line":454,"column":4},"end":{"line":454,"column":27}},"126":{"start":{"line":454,"column":17},"end":{"line":454,"column":27}},"127":{"start":{"line":455,"column":17},"end":{"line":455,"column":33}},"128":{"start":{"line":457,"column":31},"end":{"line":457,"column":33}},"129":{"start":{"line":458,"column":4},"end":{"line":468,"column":5}},"130":{"start":{"line":459,"column":6},"end":{"line":467,"column":7}},"131":{"start":{"line":460,"column":8},"end":{"line":466,"column":11}},"132":{"start":{"line":469,"column":4},"end":{"line":469,"column":18}},"133":{"start":{"line":471,"column":4},"end":{"line":471,"column":14}}},"fnMap":{"0":{"name":"scanServer","decl":{"start":{"line":56,"column":16},"end":{"line":56,"column":26}},"loc":{"start":{"line":63,"column":1},"end":{"line":98,"column":1}}},"1":{"name":"(anonymous_10)","decl":{"start":{"line":87,"column":34},"end":{"line":87,"column":35}},"loc":{"start":{"line":87,"column":39},"end":{"line":87,"column":64}}},"2":{"name":"(anonymous_11)","decl":{"start":{"line":88,"column":34},"end":{"line":88,"column":35}},"loc":{"start":{"line":88,"column":39},"end":{"line":88,"column":60}}},"3":{"name":"(anonymous_12)","decl":{"start":{"line":96,"column":24},"end":{"line":96,"column":25}},"loc":{"start":{"line":96,"column":29},"end":{"line":96,"column":42}}},"4":{"name":"computeTrustScore","decl":{"start":{"line":102,"column":16},"end":{"line":102,"column":33}},"loc":{"start":{"line":116,"column":1},"end":{"line":150,"column":1}}},"5":{"name":"newServerRankingBoost","decl":{"start":{"line":160,"column":16},"end":{"line":160,"column":37}},"loc":{"start":{"line":160,"column":62},"end":{"line":165,"column":1}}},"6":{"name":"truncateForScan","decl":{"start":{"line":180,"column":9},"end":{"line":180,"column":24}},"loc":{"start":{"line":180,"column":54},"end":{"line":185,"column":1}}},"7":{"name":"dlpScan","decl":{"start":{"line":205,"column":16},"end":{"line":205,"column":23}},"loc":{"start":{"line":205,"column":39},"end":{"line":208,"column":1}}},"8":{"name":"(anonymous_17)","decl":{"start":{"line":207,"column":36},"end":{"line":207,"column":37}},"loc":{"start":{"line":207,"column":53},"end":{"line":207,"column":71}}},"9":{"name":"(anonymous_18)","decl":{"start":{"line":207,"column":77},"end":{"line":207,"column":78}},"loc":{"start":{"line":207,"column":92},"end":{"line":207,"column":97}}},"10":{"name":"samplingDlpScan","decl":{"start":{"line":222,"column":16},"end":{"line":222,"column":31}},"loc":{"start":{"line":222,"column":47},"end":{"line":230,"column":1}}},"11":{"name":"piiScan","decl":{"start":{"line":257,"column":16},"end":{"line":257,"column":23}},"loc":{"start":{"line":257,"column":39},"end":{"line":260,"column":1}}},"12":{"name":"(anonymous_21)","decl":{"start":{"line":259,"column":29},"end":{"line":259,"column":30}},"loc":{"start":{"line":259,"column":46},"end":{"line":259,"column":64}}},"13":{"name":"(anonymous_22)","decl":{"start":{"line":259,"column":70},"end":{"line":259,"column":71}},"loc":{"start":{"line":259,"column":85},"end":{"line":259,"column":90}}},"14":{"name":"checkElicitationUrl","decl":{"start":{"line":277,"column":16},"end":{"line":277,"column":35}},"loc":{"start":{"line":277,"column":47},"end":{"line":288,"column":1}}},"15":{"name":"contextLeakScan","decl":{"start":{"line":312,"column":16},"end":{"line":312,"column":31}},"loc":{"start":{"line":312,"column":47},"end":{"line":319,"column":1}}},"16":{"name":"(anonymous_25)","decl":{"start":{"line":315,"column":36},"end":{"line":315,"column":37}},"loc":{"start":{"line":315,"column":53},"end":{"line":315,"column":71}}},"17":{"name":"(anonymous_26)","decl":{"start":{"line":315,"column":77},"end":{"line":315,"column":78}},"loc":{"start":{"line":315,"column":92},"end":{"line":315,"column":97}}},"18":{"name":"shellInjectionScan","decl":{"start":{"line":354,"column":16},"end":{"line":354,"column":34}},"loc":{"start":{"line":354,"column":50},"end":{"line":359,"column":1}}},"19":{"name":"(anonymous_28)","decl":{"start":{"line":357,"column":12},"end":{"line":357,"column":13}},"loc":{"start":{"line":357,"column":29},"end":{"line":357,"column":47}}},"20":{"name":"(anonymous_29)","decl":{"start":{"line":358,"column":9},"end":{"line":358,"column":10}},"loc":{"start":{"line":358,"column":24},"end":{"line":358,"column":29}}},"21":{"name":"indirectInjectionScan","decl":{"start":{"line":386,"column":16},"end":{"line":386,"column":37}},"loc":{"start":{"line":386,"column":53},"end":{"line":391,"column":1}}},"22":{"name":"(anonymous_31)","decl":{"start":{"line":389,"column":12},"end":{"line":389,"column":13}},"loc":{"start":{"line":389,"column":29},"end":{"line":389,"column":47}}},"23":{"name":"(anonymous_32)","decl":{"start":{"line":390,"column":9},"end":{"line":390,"column":10}},"loc":{"start":{"line":390,"column":24},"end":{"line":390,"column":29}}},"24":{"name":"scanNpmDependencies","decl":{"start":{"line":410,"column":22},"end":{"line":410,"column":41}},"loc":{"start":{"line":410,"column":59},"end":{"line":434,"column":1}}},"25":{"name":"(anonymous_34)","decl":{"start":{"line":412,"column":56},"end":{"line":412,"column":69}},"loc":{"start":{"line":412,"column":56},"end":{"line":412,"column":83}}},"26":{"name":"runNpmAudit","decl":{"start":{"line":436,"column":15},"end":{"line":436,"column":26}},"loc":{"start":{"line":436,"column":35},"end":{"line":473,"column":1}}},"27":{"name":"(anonymous_36)","decl":{"start":{"line":449,"column":49},"end":{"line":449,"column":53}},"loc":{"start":{"line":449,"column":57},"end":{"line":449,"column":102}}}},"branchMap":{"0":{"loc":{"start":{"line":66,"column":42},"end":{"line":66,"column":71}},"type":"binary-expr","locations":[{"start":{"line":66,"column":42},"end":{"line":66,"column":65}},{"start":{"line":66,"column":69},"end":{"line":66,"column":71}}]},"1":{"loc":{"start":{"line":70,"column":4},"end":{"line":84,"column":5}},"type":"if","locations":[{"start":{"line":70,"column":4},"end":{"line":84,"column":5}},{"start":{"line":74,"column":11},"end":{"line":84,"column":5}}]},"2":{"loc":{"start":{"line":71,"column":6},"end":{"line":73,"column":7}},"type":"if","locations":[{"start":{"line":71,"column":6},"end":{"line":73,"column":7}}]},"3":{"loc":{"start":{"line":74,"column":11},"end":{"line":84,"column":5}},"type":"if","locations":[{"start":{"line":74,"column":11},"end":{"line":84,"column":5}},{"start":{"line":80,"column":11},"end":{"line":84,"column":5}}]},"4":{"loc":{"start":{"line":76,"column":8},"end":{"line":78,"column":9}},"type":"if","locations":[{"start":{"line":76,"column":8},"end":{"line":78,"column":9}}]},"5":{"loc":{"start":{"line":81,"column":6},"end":{"line":83,"column":7}},"type":"if","locations":[{"start":{"line":81,"column":6},"end":{"line":83,"column":7}}]},"6":{"loc":{"start":{"line":96,"column":13},"end":{"line":96,"column":78}},"type":"binary-expr","locations":[{"start":{"line":96,"column":13},"end":{"line":96,"column":54}},{"start":{"line":96,"column":58},"end":{"line":96,"column":78}}]},"7":{"loc":{"start":{"line":120,"column":7},"end":{"line":120,"column":31}},"type":"cond-expr","locations":[{"start":{"line":120,"column":25},"end":{"line":120,"column":27}},{"start":{"line":120,"column":30},"end":{"line":120,"column":31}}]},"8":{"loc":{"start":{"line":133,"column":20},"end":{"line":133,"column":43}},"type":"binary-expr","locations":[{"start":{"line":133,"column":20},"end":{"line":133,"column":36}},{"start":{"line":133,"column":40},"end":{"line":133,"column":43}}]},"9":{"loc":{"start":{"line":138,"column":2},"end":{"line":141,"column":3}},"type":"if","locations":[{"start":{"line":138,"column":2},"end":{"line":141,"column":3}}]},"10":{"loc":{"start":{"line":144,"column":2},"end":{"line":147,"column":3}},"type":"if","locations":[{"start":{"line":144,"column":2},"end":{"line":147,"column":3}}]},"11":{"loc":{"start":{"line":144,"column":6},"end":{"line":144,"column":62}},"type":"binary-expr","locations":[{"start":{"line":144,"column":6},"end":{"line":144,"column":37}},{"start":{"line":144,"column":41},"end":{"line":144,"column":62}}]},"12":{"loc":{"start":{"line":161,"column":2},"end":{"line":161,"column":41}},"type":"if","locations":[{"start":{"line":161,"column":2},"end":{"line":161,"column":41}}]},"13":{"loc":{"start":{"line":180,"column":39},"end":{"line":180,"column":54}},"type":"default-arg","locations":[{"start":{"line":180,"column":47},"end":{"line":180,"column":54}}]},"14":{"loc":{"start":{"line":181,"column":2},"end":{"line":181,"column":40}},"type":"if","locations":[{"start":{"line":181,"column":2},"end":{"line":181,"column":40}}]},"15":{"loc":{"start":{"line":226,"column":4},"end":{"line":226,"column":94}},"type":"if","locations":[{"start":{"line":226,"column":4},"end":{"line":226,"column":94}}]},"16":{"loc":{"start":{"line":279,"column":4},"end":{"line":279,"column":39}},"type":"if","locations":[{"start":{"line":279,"column":4},"end":{"line":279,"column":39}}]},"17":{"loc":{"start":{"line":283,"column":4},"end":{"line":283,"column":99}},"type":"if","locations":[{"start":{"line":283,"column":4},"end":{"line":283,"column":99}}]},"18":{"loc":{"start":{"line":414,"column":4},"end":{"line":414,"column":26}},"type":"if","locations":[{"start":{"line":414,"column":4},"end":{"line":414,"column":26}}]},"19":{"loc":{"start":{"line":416,"column":21},"end":{"line":416,"column":89}},"type":"cond-expr","locations":[{"start":{"line":416,"column":36},"end":{"line":416,"column":68}},{"start":{"line":416,"column":71},"end":{"line":416,"column":89}}]},"20":{"loc":{"start":{"line":417,"column":21},"end":{"line":417,"column":67}},"type":"cond-expr","locations":[{"start":{"line":417,"column":37},"end":{"line":417,"column":58}},{"start":{"line":417,"column":61},"end":{"line":417,"column":67}}]},"21":{"loc":{"start":{"line":421,"column":21},"end":{"line":421,"column":99}},"type":"cond-expr","locations":[{"start":{"line":421,"column":31},"end":{"line":421,"column":82}},{"start":{"line":421,"column":85},"end":{"line":421,"column":99}}]},"22":{"loc":{"start":{"line":423,"column":8},"end":{"line":423,"column":63}},"type":"if","locations":[{"start":{"line":423,"column":8},"end":{"line":423,"column":63}}]},"23":{"loc":{"start":{"line":425,"column":8},"end":{"line":425,"column":30}},"type":"if","locations":[{"start":{"line":425,"column":8},"end":{"line":425,"column":30}}]},"24":{"loc":{"start":{"line":440,"column":9},"end":{"line":440,"column":31}},"type":"binary-expr","locations":[{"start":{"line":440,"column":9},"end":{"line":440,"column":25}},{"start":{"line":440,"column":29},"end":{"line":440,"column":31}}]},"25":{"loc":{"start":{"line":441,"column":9},"end":{"line":441,"column":34}},"type":"binary-expr","locations":[{"start":{"line":441,"column":9},"end":{"line":441,"column":28}},{"start":{"line":441,"column":32},"end":{"line":441,"column":34}}]},"26":{"loc":{"start":{"line":443,"column":4},"end":{"line":443,"column":50}},"type":"if","locations":[{"start":{"line":443,"column":4},"end":{"line":443,"column":50}}]},"27":{"loc":{"start":{"line":454,"column":4},"end":{"line":454,"column":27}},"type":"if","locations":[{"start":{"line":454,"column":4},"end":{"line":454,"column":27}}]},"28":{"loc":{"start":{"line":462,"column":20},"end":{"line":462,"column":42}},"type":"binary-expr","locations":[{"start":{"line":462,"column":20},"end":{"line":462,"column":29}},{"start":{"line":462,"column":33},"end":{"line":462,"column":42}}]},"29":{"loc":{"start":{"line":464,"column":20},"end":{"line":464,"column":61}},"type":"binary-expr","locations":[{"start":{"line":464,"column":20},"end":{"line":464,"column":33}},{"start":{"line":464,"column":37},"end":{"line":464,"column":48}},{"start":{"line":464,"column":52},"end":{"line":464,"column":61}}]},"30":{"loc":{"start":{"line":465,"column":20},"end":{"line":465,"column":33}},"type":"binary-expr","locations":[{"start":{"line":465,"column":20},"end":{"line":465,"column":27}},{"start":{"line":465,"column":31},"end":{"line":465,"column":33}}]}},"s":{"0":1,"1":1,"2":1,"3":1,"4":1,"5":1,"6":1,"7":1,"8":1,"9":1,"10":1,"11":1,"12":9,"13":9,"14":9,"15":72,"16":9,"17":1,"18":63,"19":9,"20":15,"21":3,"22":54,"23":4,"24":9,"25":8,"26":9,"27":8,"28":9,"29":9,"30":9,"31":8,"32":18,"33":18,"34":18,"35":18,"36":18,"37":18,"38":18,"39":18,"40":3,"41":3,"42":18,"43":3,"44":3,"45":18,"46":6,"47":2,"48":4,"49":4,"50":1,"51":1,"52":43,"53":40,"54":3,"55":1,"56":16,"57":16,"58":208,"59":7,"60":1,"61":2,"62":2,"63":2,"64":10,"65":1,"66":2,"67":2,"68":1,"69":5,"70":5,"71":40,"72":4,"73":1,"74":10,"75":50,"76":6,"77":4,"78":4,"79":2,"80":1,"81":2,"82":1,"83":1,"84":4,"85":4,"86":28,"87":3,"88":4,"89":1,"90":9,"91":9,"92":171,"93":13,"94":1,"95":7,"96":7,"97":84,"98":7,"99":8,"100":16,"101":8,"102":7,"103":1,"104":6,"105":6,"106":6,"107":10,"108":13,"109":13,"110":13,"111":8,"112":5,"113":5,"114":2,"115":3,"116":3,"117":3,"118":1,"119":3,"120":3,"121":3,"122":1,"123":2,"124":2,"125":2,"126":1,"127":1,"128":1,"129":1,"130":1,"131":1,"132":1,"133":0},"f":{"0":9,"1":8,"2":8,"3":8,"4":18,"5":6,"6":43,"7":16,"8":208,"9":7,"10":2,"11":5,"12":40,"13":4,"14":10,"15":4,"16":28,"17":3,"18":9,"19":171,"20":13,"21":7,"22":84,"23":7,"24":8,"25":8,"26":3,"27":2},"b":{"0":[9,9],"1":[9,63],"2":[1],"3":[9,54],"4":[3],"5":[4],"6":[9,2],"7":[11,7],"8":[18,12],"9":[3],"10":[3],"11":[18,4],"12":[2],"13":[43],"14":[40],"15":[1],"16":[6],"17":[1],"18":[1],"19":[1,5],"20":[1,5],"21":[3,10],"22":[8],"23":[2],"24":[3,1],"25":[3,3],"26":[1],"27":[1],"28":[1,0],"29":[1,0,0],"30":[1,0]}}
}
