TN:
SF:src/lib/security.ts
FN:56,scanServer
FN:87,(anonymous_10)
FN:88,(anonymous_11)
FN:96,(anonymous_12)
FN:102,computeTrustScore
FN:160,newServerRankingBoost
FN:180,truncateForScan
FN:205,dlpScan
FN:207,(anonymous_17)
FN:207,(anonymous_18)
FN:222,samplingDlpScan
FN:257,piiScan
FN:259,(anonymous_21)
FN:259,(anonymous_22)
FN:277,checkElicitationUrl
FN:312,contextLeakScan
FN:315,(anonymous_25)
FN:315,(anonymous_26)
FN:354,shellInjectionScan
FN:357,(anonymous_28)
FN:358,(anonymous_29)
FN:386,indirectInjectionScan
FN:389,(anonymous_31)
FN:390,(anonymous_32)
FN:410,scanNpmDependencies
FN:412,(anonymous_34)
FN:436,runNpmAudit
FN:449,(anonymous_36)
FNF:28
FNH:28
FNDA:9,scanServer
FNDA:8,(anonymous_10)
FNDA:8,(anonymous_11)
FNDA:8,(anonymous_12)
FNDA:18,computeTrustScore
FNDA:6,newServerRankingBoost
FNDA:43,truncateForScan
FNDA:16,dlpScan
FNDA:208,(anonymous_17)
FNDA:7,(anonymous_18)
FNDA:2,samplingDlpScan
FNDA:5,piiScan
FNDA:40,(anonymous_21)
FNDA:4,(anonymous_22)
FNDA:10,checkElicitationUrl
FNDA:4,contextLeakScan
FNDA:28,(anonymous_25)
FNDA:3,(anonymous_26)
FNDA:9,shellInjectionScan
FNDA:171,(anonymous_28)
FNDA:13,(anonymous_29)
FNDA:7,indirectInjectionScan
FNDA:84,(anonymous_31)
FNDA:7,(anonymous_32)
FNDA:8,scanNpmDependencies
FNDA:8,(anonymous_34)
FNDA:3,runNpmAudit
FNDA:2,(anonymous_36)
DA:42,1
DA:56,1
DA:64,9
DA:66,9
DA:69,9
DA:70,72
DA:71,9
DA:72,1
DA:74,63
DA:75,9
DA:76,15
DA:77,3
DA:81,54
DA:82,4
DA:87,9
DA:88,9
DA:89,9
DA:90,9
DA:92,9
DA:96,8
DA:102,1
DA:117,18
DA:120,18
DA:123,18
DA:126,18
DA:129,18
DA:133,18
DA:134,18
DA:138,18
DA:139,3
DA:140,3
DA:144,18
DA:145,3
DA:146,3
DA:149,18
DA:160,1
DA:161,6
DA:163,4
DA:164,4
DA:174,1
DA:175,1
DA:181,43
DA:184,3
DA:187,1
DA:205,1
DA:206,16
DA:207,208
DA:214,1
DA:222,1
DA:223,2
DA:224,2
DA:225,2
DA:226,10
DA:228,2
DA:229,2
DA:234,1
DA:257,1
DA:258,5
DA:259,40
DA:266,1
DA:277,1
DA:278,10
DA:279,50
DA:281,4
DA:282,4
DA:283,2
DA:285,2
DA:287,1
DA:293,1
DA:312,1
DA:313,4
DA:314,4
DA:315,28
DA:318,4
DA:326,1
DA:354,1
DA:355,9
DA:356,9
DA:357,171
DA:358,13
DA:366,1
DA:386,1
DA:387,7
DA:388,7
DA:389,84
DA:390,7
DA:410,1
DA:411,8
DA:412,16
DA:413,8
DA:414,7
DA:416,6
DA:417,6
DA:419,6
DA:420,10
DA:421,13
DA:422,13
DA:423,13
DA:424,5
DA:425,5
DA:426,3
DA:427,3
DA:430,3
DA:432,1
DA:437,3
DA:439,3
DA:443,3
DA:445,2
DA:449,2
DA:454,2
DA:455,1
DA:457,1
DA:458,1
DA:459,1
DA:460,1
DA:469,1
DA:471,0
LF:117
LH:116
BRDA:66,0,0,9
BRDA:66,0,1,9
BRDA:70,1,0,9
BRDA:70,1,1,63
BRDA:71,2,0,1
BRDA:74,3,0,9
BRDA:74,3,1,54
BRDA:76,4,0,3
BRDA:81,5,0,4
BRDA:96,6,0,9
BRDA:96,6,1,2
BRDA:120,7,0,11
BRDA:120,7,1,7
BRDA:133,8,0,18
BRDA:133,8,1,12
BRDA:138,9,0,3
BRDA:144,10,0,3
BRDA:144,11,0,18
BRDA:144,11,1,4
BRDA:161,12,0,2
BRDA:180,13,0,43
BRDA:181,14,0,40
BRDA:226,15,0,1
BRDA:279,16,0,6
BRDA:283,17,0,1
BRDA:414,18,0,1
BRDA:416,19,0,1
BRDA:416,19,1,5
BRDA:417,20,0,1
BRDA:417,20,1,5
BRDA:421,21,0,3
BRDA:421,21,1,10
BRDA:423,22,0,8
BRDA:425,23,0,2
BRDA:440,24,0,3
BRDA:440,24,1,1
BRDA:441,25,0,3
BRDA:441,25,1,3
BRDA:443,26,0,1
BRDA:454,27,0,1
BRDA:462,28,0,1
BRDA:462,28,1,0
BRDA:464,29,0,1
BRDA:464,29,1,0
BRDA:464,29,2,0
BRDA:465,30,0,1
BRDA:465,30,1,0
BRF:47
BRH:43
end_of_record
